[0m[[0m[0mdebug[0m] [0m[0m> Exec(__runWatch console0, Some(74eb3584-fbea-4f43-9a86-acc1b5ebfcad), Some(CommandSource(console0)))[0m
[0m[[0m[0mdebug[0m] [0m[0m> Exec(sbtStashOnFailure, None, Some(CommandSource(console0)))[0m
[0m[[0m[0mdebug[0m] [0m[0m> Exec(__preWatch console0, None, Some(CommandSource(console0)))[0m
[0m[[0m[0mdebug[0m] [0m[0m> Exec(testQuick, None, Some(CommandSource(console0)))[0m
[0m[[0m[0mdebug[0m] [0m[0mEvaluating tasks: Test / testQuick[0m
[0m[[0m[0mdebug[0m] [0m[0mRunning task... Cancel: Signal, check cycles: false, forcegc: true[0m
[0m[[0m[0minfo[0m] [0m[0mcompiling 1 Scala source to /home/trevor/Desktop/sbt/foo-build/target/scala-2.12/test-classes ...[0m
[0m[[0m[0minfo[0m] [0m[0m[32mHelloSpec:[0m[0m
[0m[[0m[0minfo[0m] [0m[0m[31m- Hello should start with H *** FAILED ***[0m[0m
[0m[[0m[0minfo[0m] [0m[0m[31m  assert("hello".startsWith("H"))[0m[0m
[0m[[0m[0minfo[0m] [0m[0m[31m         |       |          |[0m[0m
[0m[[0m[0minfo[0m] [0m[0m[31m         "hello" false      "H" (HelloSpec.scala:6)[0m[0m
[0m[[0m[0minfo[0m] [0m[0m[36mRun completed in 525 milliseconds.[0m[0m
[0m[[0m[0minfo[0m] [0m[0m[36mTotal number of tests run: 1[0m[0m
[0m[[0m[0minfo[0m] [0m[0m[36mSuites: completed 1, aborted 0[0m[0m
[0m[[0m[0minfo[0m] [0m[0m[36mTests: succeeded 0, failed 1, canceled 0, ignored 0, pending 0[0m[0m
[0m[[0m[0minfo[0m] [0m[0m[31m*** 1 TEST FAILED ***[0m[0m
[0m[[0m[31merror[0m] [0m[0mFailed tests:[0m
[0m[[0m[31merror[0m] [0m[0m	HelloSpec[0m
[0m[[0m[31merror[0m] [0m[0m(Test / [31mtestQuick[0m) sbt.TestsFailedException: Tests unsuccessful[0m
[0m[[0m[31merror[0m] [0m[0mTotal time: 2 s, completed Mar 16, 2021 3:13:54 PM[0m
[0m[[0m[0mdebug[0m] [0m[0m> Exec(resumeFromFailure, None, Some(CommandSource(console0)))[0m
[0m[[0m[0mdebug[0m] [0m[0m> Exec(sbtPopOnFailure, None, Some(CommandSource(console0)))[0m
[0m[[0m[0mdebug[0m] [0m[0m> Exec(__postWatch console0, None, Some(CommandSource(console0)))[0m
[0m[[0m[0mdebug[0m] [0m[0m> Exec(__waitWatch console0, None, Some(CommandSource(console0)))[0m
