[0m[[0m[0mdebug[0m] [0m[0m> Exec(reload, Some(25a1b62e-7dbf-4fdf-813f-9ae7d57160db), Some(CommandSource(console0)))[0m
[0m[[0m[0mdebug[0m] [0m[0m> Exec(sbtStashOnFailure, None, Some(CommandSource(console0)))[0m
[0m[[0m[0mdebug[0m] [0m[0m> Exec(onFailure loadFailed, None, Some(CommandSource(console0)))[0m
[0m[[0m[0mdebug[0m] [0m[0m> Exec(loadp, None, Some(CommandSource(console0)))[0m
[0m[[0m[0minfo[0m] [0m[0mwelcome to sbt 1.4.7 (Private Build Java 1.8.0_282)[0m
[0m[[0m[0mdebug[0m] [0m[0m            Load.loadUnit: plugins took 1012.165576ms[0m
[0m[[0m[0mdebug[0m] [0m[0m            Load.loadUnit: defsScala took 0.008664ms[0m
[0m[[0m[0mdebug[0m] [0m[0m[Loading] Scanning directory /home/trevor/.sbt/1.0/plugins[0m
[0m[[0m[0mdebug[0m] [0m[0m[Loading] Found non-root projects [0m
[0m[[0m[0mdebug[0m] [0m[0m[Loading] Done in /home/trevor/.sbt/1.0/plugins, returning: ()[0m
[0m[[0m[0mdebug[0m] [0m[0mdeducing auto plugins based on known facts Set(Atom(sbt.plugins.CorePlugin)) and clauses Clauses(List(Clause(Atom(sbt.plugins.JvmPlugin),Set(Atom(sbt.plugins.IvyPlugin))), Clause(Atom(sbt.ScriptedPlugin),Set(Atom(sbt.plugins.JvmPlugin))), Clause(Atom(sbt.plugins.SbtPlugin),Set(Atom(sbt.ScriptedPlugin))), Clause(Atom(sbt.plugins.SemanticdbPlugin),Set(Atom(sbt.plugins.JvmPlugin))), Clause(Atom(sbt.plugins.JUnitXmlReportPlugin),Set(Atom(sbt.plugins.JvmPlugin))), Clause(Atom(sbt.plugins.MiniDependencyTreePlugin),Set(Atom(sbt.plugins.JvmPlugin))), Clause(Atom(sbt.plugins.CorePlugin),Set(Atom(sbt.plugins.IvyPlugin))), Clause(Atom(sbt.plugins.IvyPlugin),Set(Atom(sbt.plugins.JvmPlugin))), Clause(Atom(sbt.plugins.JvmPlugin),Set(Atom(sbt.plugins.SemanticdbPlugin))), Clause(Atom(sbt.plugins.JvmPlugin),Set(Atom(sbt.plugins.JUnitXmlReportPlugin))), Clause(Atom(sbt.plugins.CorePlugin),Set(Atom(sbt.plugins.Giter8TemplatePlugin))), Clause(Atom(sbt.plugins.JvmPlugin),Set(Atom(sbt.plugins.MiniDependencyTreePlugin)))))[0m
[0m[[0m[0mdebug[0m] [0m[0m  :: deduced result: Matched(sbt.plugins.CorePlugin,sbt.plugins.Giter8TemplatePlugin,sbt.plugins.IvyPlugin,sbt.plugins.JvmPlugin,sbt.plugins.MiniDependencyTreePlugin,sbt.plugins.JUnitXmlReportPlugin,sbt.plugins.SemanticdbPlugin)[0m
[0m[[0m[0mdebug[0m] [0m[0mPlugins.deducer#function took 0.999429 ms[0m
[0m[[0m[0mdebug[0m] [0m[0m                Load.resolveProject(global-plugins) took 0.897791ms[0m
[0m[[0m[0mdebug[0m] [0m[0m              Load.loadTransitive: finalizeProject(Project(id global-plugins, base: /home/trevor/.sbt/1.0/plugins, plugins: List(<none>))) took 2.291395ms[0m
[0m[[0m[0mdebug[0m] [0m[0m[Loading] Done in /home/trevor/.sbt/1.0/plugins, returning: (global-plugins)[0m
[0m[[0m[0mdebug[0m] [0m[0m            Load.loadUnit: loadedProjectsRaw took 3.089862ms[0m
[0m[[0m[0mdebug[0m] [0m[0m            Load.loadUnit: cleanEvalClasses took 0.007615ms[0m
[0m[[0m[0mdebug[0m] [0m[0m          Load.loadUnit(file:/home/trevor/.sbt/1.0/plugins/, ...) took 1015.955796ms[0m
[0m[[0m[0mdebug[0m] [0m[0m        Load.apply: load took 1018.099653ms[0m
[0m[[0m[0mdebug[0m] [0m[0m        Load.apply: resolveProjects took 0.14867ms[0m
[0m[[0m[0mdebug[0m] [0m[0m        Load.apply: finalTransforms took 5.027363ms[0m
[0m[[0m[0mdebug[0m] [0m[0m        Load.apply: config.delegates took 0.311624ms[0m
[0m[[0m[0mdebug[0m] [0m[0m        Load.apply: Def.make(settings)... took 126.476459ms[0m
[0m[[0m[0mdebug[0m] [0m[0m        Load.apply: structureIndex took 22.291562ms[0m
[0m[[0m[0mdebug[0m] [0m[0m        Load.apply: mkStreams took 0.00405ms[0m
[0m[[0m[0minfo[0m] [0m[0mloading global plugins from /home/trevor/.sbt/1.0/plugins[0m
[0m[[0m[0mdebug[0m] [0m[0mRunning task... Cancel: Signal, check cycles: false, forcegc: true[0m
[0m[[0m[0mdebug[0m] [0m[0mForcing garbage collection...[0m
[0m[[0m[0mdebug[0m] [0m[0m      Load.defaultLoad until apply took 4353.823716ms[0m
[0m[[0m[0mdebug[0m] [0m[0m                Load.loadUnit: plugins took 15.509572ms[0m
[0m[[0m[0mdebug[0m] [0m[0m                Load.loadUnit: defsScala took 0.006573ms[0m
[0m[[0m[0mdebug[0m] [0m[0m[Loading] Scanning directory /home/trevor/Desktop/sbt/foo-build/project[0m
[0m[[0m[0mdebug[0m] [0m[0m[Loading] Found non-root projects [0m
[0m[[0m[0mdebug[0m] [0m[0m[Loading] Done in /home/trevor/Desktop/sbt/foo-build/project, returning: ()[0m
[0m[[0m[0mdebug[0m] [0m[0mdeducing auto plugins based on known facts Set(Atom(sbt.plugins.CorePlugin)) and clauses Clauses(List(Clause(Atom(sbt.plugins.JvmPlugin),Set(Atom(sbt.plugins.IvyPlugin))), Clause(Atom(sbt.ScriptedPlugin),Set(Atom(sbt.plugins.JvmPlugin))), Clause(Atom(sbt.plugins.SbtPlugin),Set(Atom(sbt.ScriptedPlugin))), Clause(Atom(sbt.plugins.SemanticdbPlugin),Set(Atom(sbt.plugins.JvmPlugin))), Clause(Atom(sbt.plugins.JUnitXmlReportPlugin),Set(Atom(sbt.plugins.JvmPlugin))), Clause(Atom(sbt.plugins.MiniDependencyTreePlugin),Set(Atom(sbt.plugins.JvmPlugin))), Clause(Atom(sbt.plugins.CorePlugin),Set(Atom(sbt.plugins.IvyPlugin))), Clause(Atom(sbt.plugins.IvyPlugin),Set(Atom(sbt.plugins.JvmPlugin))), Clause(Atom(sbt.plugins.JvmPlugin),Set(Atom(sbt.plugins.SemanticdbPlugin))), Clause(Atom(sbt.plugins.JvmPlugin),Set(Atom(sbt.plugins.JUnitXmlReportPlugin))), Clause(Atom(sbt.plugins.CorePlugin),Set(Atom(sbt.plugins.Giter8TemplatePlugin))), Clause(Atom(sbt.plugins.JvmPlugin),Set(Atom(sbt.plugins.MiniDependencyTreePlugin)))))[0m
[0m[[0m[0mdebug[0m] [0m[0m  :: deduced result: Matched(sbt.plugins.CorePlugin,sbt.plugins.Giter8TemplatePlugin,sbt.plugins.IvyPlugin,sbt.plugins.JvmPlugin,sbt.plugins.MiniDependencyTreePlugin,sbt.plugins.JUnitXmlReportPlugin,sbt.plugins.SemanticdbPlugin)[0m
[0m[[0m[0mdebug[0m] [0m[0mPlugins.deducer#function took 1.671102 ms[0m
[0m[[0m[0mdebug[0m] [0m[0m                    Load.resolveProject(foo-build-build) took 1.324101ms[0m
[0m[[0m[0mdebug[0m] [0m[0m                  Load.loadTransitive: finalizeProject(Project(id foo-build-build, base: /home/trevor/Desktop/sbt/foo-build/project, plugins: List(<none>))) took 3.70963ms[0m
[0m[[0m[0mdebug[0m] [0m[0m[Loading] Done in /home/trevor/Desktop/sbt/foo-build/project, returning: (foo-build-build)[0m
[0m[[0m[0mdebug[0m] [0m[0m                Load.loadUnit: loadedProjectsRaw took 4.725153ms[0m
[0m[[0m[0mdebug[0m] [0m[0m                Load.loadUnit: cleanEvalClasses took 0.013623ms[0m
[0m[[0m[0mdebug[0m] [0m[0m              Load.loadUnit(file:/home/trevor/Desktop/sbt/foo-build/project/, ...) took 20.761168ms[0m
[0m[[0m[0mdebug[0m] [0m[0m            Load.apply: load took 21.78053ms[0m
[0m[[0m[0mdebug[0m] [0m[0m            Load.apply: resolveProjects took 0.144482ms[0m
[0m[[0m[0mdebug[0m] [0m[0m            Load.apply: finalTransforms took 7.164157ms[0m
[0m[[0m[0mdebug[0m] [0m[0m            Load.apply: config.delegates took 0.463926ms[0m
[0m[[0m[0mdebug[0m] [0m[0m            Load.apply: Def.make(settings)... took 59.524302ms[0m
[0m[[0m[0mdebug[0m] [0m[0m            Load.apply: structureIndex took 16.558193ms[0m
[0m[[0m[0mdebug[0m] [0m[0m            Load.apply: mkStreams took 0.004165ms[0m
[0m[[0m[0minfo[0m] [0m[0mloading project definition from /home/trevor/Desktop/sbt/foo-build/project[0m
[0m[[0m[0mdebug[0m] [0m[0mRunning task... Cancel: Signal, check cycles: false, forcegc: true[0m
[0m[[0m[0mdebug[0m] [0m[0m          Load.loadUnit: plugins took 354.084998ms[0m
[0m[[0m[0mdebug[0m] [0m[0m          Load.loadUnit: defsScala took 0.015702ms[0m
[0m[[0m[0mdebug[0m] [0m[0m[Loading] Scanning directory /home/trevor/Desktop/sbt/foo-build[0m
[0m[[0m[0mdebug[0m] [0m[0m            Load.loadUnit: mkEval took 0.237714ms[0m
[0m[[0m[0mdebug[0m] [0m[0m[Loading] Found root project hello w/ remaining helloCore[0m
[0m[[0m[0mdebug[0m] [0m[0mdeducing auto plugins based on known facts Set(Atom(sbt.plugins.CorePlugin)) and clauses Clauses(List(Clause(Atom(sbt.plugins.JvmPlugin),Set(Atom(sbt.plugins.IvyPlugin))), Clause(Atom(sbt.ScriptedPlugin),Set(Atom(sbt.plugins.JvmPlugin))), Clause(Atom(sbt.plugins.SbtPlugin),Set(Atom(sbt.ScriptedPlugin))), Clause(Atom(sbt.plugins.SemanticdbPlugin),Set(Atom(sbt.plugins.JvmPlugin))), Clause(Atom(sbt.plugins.JUnitXmlReportPlugin),Set(Atom(sbt.plugins.JvmPlugin))), Clause(Atom(sbt.plugins.MiniDependencyTreePlugin),Set(Atom(sbt.plugins.JvmPlugin))), Clause(Atom(sbt.plugins.CorePlugin),Set(Atom(sbt.plugins.IvyPlugin))), Clause(Atom(sbt.plugins.IvyPlugin),Set(Atom(sbt.plugins.JvmPlugin))), Clause(Atom(sbt.plugins.JvmPlugin),Set(Atom(sbt.plugins.SemanticdbPlugin))), Clause(Atom(sbt.plugins.JvmPlugin),Set(Atom(sbt.plugins.JUnitXmlReportPlugin))), Clause(Atom(sbt.plugins.CorePlugin),Set(Atom(sbt.plugins.Giter8TemplatePlugin))), Clause(Atom(sbt.plugins.JvmPlugin),Set(Atom(sbt.plugins.MiniDependencyTreePlugin)))))[0m
[0m[[0m[0mdebug[0m] [0m[0m  :: deduced result: Matched(sbt.plugins.CorePlugin,sbt.plugins.Giter8TemplatePlugin,sbt.plugins.IvyPlugin,sbt.plugins.JvmPlugin,sbt.plugins.MiniDependencyTreePlugin,sbt.plugins.JUnitXmlReportPlugin,sbt.plugins.SemanticdbPlugin)[0m
[0m[[0m[0mdebug[0m] [0m[0mPlugins.deducer#function took 0.855419 ms[0m
[0m[[0m[0minfo[0m] [0m[0mloading settings for project hello from build.sbt ...[0m
[0m[[0m[0mdebug[0m] [0m[0m              Load.resolveProject(hello) took 1.423109ms[0m
[0m[[0m[0mdebug[0m] [0m[0m            Load.loadTransitive: finalizeProject(Project(id hello, base: /home/trevor/Desktop/sbt/foo-build, aggregate: List(LocalProject(helloCore)), dependencies: List(ClasspathDependency(LocalProject(helloCore),None)), plugins: List(<none>))) took 2.618341ms[0m
[0m[[0m[0mdebug[0m] [0m[0m[Loading] Loading project helloCore @ /home/trevor/Desktop/sbt/foo-build/core[0m
[0m[[0m[0mdebug[0m] [0m[0mdeducing auto plugins based on known facts Set(Atom(sbt.plugins.CorePlugin)) and clauses Clauses(List(Clause(Atom(sbt.plugins.JvmPlugin),Set(Atom(sbt.plugins.IvyPlugin))), Clause(Atom(sbt.ScriptedPlugin),Set(Atom(sbt.plugins.JvmPlugin))), Clause(Atom(sbt.plugins.SbtPlugin),Set(Atom(sbt.ScriptedPlugin))), Clause(Atom(sbt.plugins.SemanticdbPlugin),Set(Atom(sbt.plugins.JvmPlugin))), Clause(Atom(sbt.plugins.JUnitXmlReportPlugin),Set(Atom(sbt.plugins.JvmPlugin))), Clause(Atom(sbt.plugins.MiniDependencyTreePlugin),Set(Atom(sbt.plugins.JvmPlugin))), Clause(Atom(sbt.plugins.CorePlugin),Set(Atom(sbt.plugins.IvyPlugin))), Clause(Atom(sbt.plugins.IvyPlugin),Set(Atom(sbt.plugins.JvmPlugin))), Clause(Atom(sbt.plugins.JvmPlugin),Set(Atom(sbt.plugins.SemanticdbPlugin))), Clause(Atom(sbt.plugins.JvmPlugin),Set(Atom(sbt.plugins.JUnitXmlReportPlugin))), Clause(Atom(sbt.plugins.CorePlugin),Set(Atom(sbt.plugins.Giter8TemplatePlugin))), Clause(Atom(sbt.plugins.JvmPlugin),Set(Atom(sbt.plugins.MiniDependencyTreePlugin)))))[0m
[0m[[0m[0mdebug[0m] [0m[0m  :: deduced result: Matched(sbt.plugins.CorePlugin,sbt.plugins.Giter8TemplatePlugin,sbt.plugins.IvyPlugin,sbt.plugins.JvmPlugin,sbt.plugins.MiniDependencyTreePlugin,sbt.plugins.JUnitXmlReportPlugin,sbt.plugins.SemanticdbPlugin)[0m
[0m[[0m[0mdebug[0m] [0m[0mPlugins.deducer#function took 0.986391 ms[0m
[0m[[0m[0mdebug[0m] [0m[0m            Load.resolveProject(helloCore) took 0.978053ms[0m
[0m[[0m[0mdebug[0m] [0m[0m[Loading] Done in /home/trevor/Desktop/sbt/foo-build, returning: (hello, helloCore)[0m
[0m[[0m[0mdebug[0m] [0m[0m          Load.loadUnit: loadedProjectsRaw took 143.880105ms[0m
[0m[[0m[0mdebug[0m] [0m[0m          Load.loadUnit: cleanEvalClasses took 1.456179ms[0m
[0m[[0m[0mdebug[0m] [0m[0m        Load.loadUnit(file:/home/trevor/Desktop/sbt/foo-build/, ...) took 500.583918ms[0m
[0m[[0m[0mdebug[0m] [0m[0m      Load.apply: load took 558.030555ms[0m
[0m[[0m[0mdebug[0m] [0m[0m      Load.apply: resolveProjects took 0.314249ms[0m
[0m[[0m[0mdebug[0m] [0m[0m      Load.apply: finalTransforms took 14.483534ms[0m
[0m[[0m[0mdebug[0m] [0m[0m      Load.apply: config.delegates took 0.370885ms[0m
[0m[[0m[0mdebug[0m] [0m[0m      Load.apply: Def.make(settings)... took 89.94787ms[0m
[0m[[0m[0mdebug[0m] [0m[0m      Load.apply: structureIndex took 34.001577ms[0m
[0m[[0m[0mdebug[0m] [0m[0m      Load.apply: mkStreams took 0.003498ms[0m
[0m[[0m[0minfo[0m] [0m[0mset current project to Hello (in build file:/home/trevor/Desktop/sbt/foo-build/)[0m
[0m[[0m[0mdebug[0m] [0m[0m> Exec(sbtPopOnFailure, None, Some(CommandSource(console0)))[0m
[0m[[0m[0mdebug[0m] [0m[0m> Exec(resumeFromFailure, None, Some(CommandSource(console0)))[0m
[0m[[0m[0mdebug[0m] [0m[0m> Exec(shell, None, None)[0m
[0m[[0m[0mdebug[0m] [0m[0mForcing garbage collection...[0m
